This is pdfTeX, Version 3.14159265-2.6-1.40.16 (TeX Live 2015) (preloaded format=pdflatex 2015.5.24)  30 MAR 2016 22:36
entering extended mode
 restricted \write18 enabled.
 %&-line parsing enabled.
**report.tex
(./report.tex
LaTeX2e <2015/01/01>
Babel <3.9l> and hyphenation patterns for 79 languages loaded.
(/usr/local/texlive/2015/texmf-dist/tex/latex/base/article.cls
Document Class: article 2014/09/29 v1.4h Standard LaTeX document class
(/usr/local/texlive/2015/texmf-dist/tex/latex/base/size11.clo
File: size11.clo 2014/09/29 v1.4h Standard LaTeX file (size option)
)
\c@part=\count79
\c@section=\count80
\c@subsection=\count81
\c@subsubsection=\count82
\c@paragraph=\count83
\c@subparagraph=\count84
\c@figure=\count85
\c@table=\count86
\abovecaptionskip=\skip41
\belowcaptionskip=\skip42
\bibindent=\dimen102
)
(/usr/local/texlive/2015/texmf-dist/tex/latex/geometry/geometry.sty
Package: geometry 2010/09/12 v5.6 Page Geometry

(/usr/local/texlive/2015/texmf-dist/tex/latex/graphics/keyval.sty
Package: keyval 2014/10/28 v1.15 key=value parser (DPC)
\KV@toks@=\toks14
)
(/usr/local/texlive/2015/texmf-dist/tex/generic/oberdiek/ifpdf.sty
Package: ifpdf 2011/01/30 v2.3 Provides the ifpdf switch (HO)
Package ifpdf Info: pdfTeX in PDF mode is detected.
)
(/usr/local/texlive/2015/texmf-dist/tex/generic/oberdiek/ifvtex.sty
Package: ifvtex 2010/03/01 v1.5 Detect VTeX and its facilities (HO)
Package ifvtex Info: VTeX not detected.
)
(/usr/local/texlive/2015/texmf-dist/tex/generic/ifxetex/ifxetex.sty
Package: ifxetex 2010/09/12 v0.6 Provides ifxetex conditional
)
\Gm@cnth=\count87
\Gm@cntv=\count88
\c@Gm@tempcnt=\count89
\Gm@bindingoffset=\dimen103
\Gm@wd@mp=\dimen104
\Gm@odd@mp=\dimen105
\Gm@even@mp=\dimen106
\Gm@layoutwidth=\dimen107
\Gm@layoutheight=\dimen108
\Gm@layouthoffset=\dimen109
\Gm@layoutvoffset=\dimen110
\Gm@dimlist=\toks15
)
(/usr/local/texlive/2015/texmf-dist/tex/latex/booktabs/booktabs.sty
Package: booktabs 2005/04/14 v1.61803 publication quality tables
\heavyrulewidth=\dimen111
\lightrulewidth=\dimen112
\cmidrulewidth=\dimen113
\belowrulesep=\dimen114
\belowbottomsep=\dimen115
\aboverulesep=\dimen116
\abovetopsep=\dimen117
\cmidrulesep=\dimen118
\cmidrulekern=\dimen119
\defaultaddspace=\dimen120
\@cmidla=\count90
\@cmidlb=\count91
\@aboverulesep=\dimen121
\@belowrulesep=\dimen122
\@thisruleclass=\count92
\@lastruleclass=\count93
\@thisrulewidth=\dimen123
)
(/usr/local/texlive/2015/texmf-dist/tex/latex/graphics/graphicx.sty
Package: graphicx 2014/10/28 v1.0g Enhanced LaTeX Graphics (DPC,SPQR)

(/usr/local/texlive/2015/texmf-dist/tex/latex/graphics/graphics.sty
Package: graphics 2014/10/28 v1.0p Standard LaTeX Graphics (DPC,SPQR)

(/usr/local/texlive/2015/texmf-dist/tex/latex/graphics/trig.sty
Package: trig 1999/03/16 v1.09 sin cos tan (DPC)
)
(/usr/local/texlive/2015/texmf-dist/tex/latex/latexconfig/graphics.cfg
File: graphics.cfg 2010/04/23 v1.9 graphics configuration of TeX Live
)
Package graphics Info: Driver file: pdftex.def on input line 94.

(/usr/local/texlive/2015/texmf-dist/tex/latex/pdftex-def/pdftex.def
File: pdftex.def 2011/05/27 v0.06d Graphics/color for pdfTeX

(/usr/local/texlive/2015/texmf-dist/tex/generic/oberdiek/infwarerr.sty
Package: infwarerr 2010/04/08 v1.3 Providing info/warning/error messages (HO)
)
(/usr/local/texlive/2015/texmf-dist/tex/generic/oberdiek/ltxcmds.sty
Package: ltxcmds 2011/11/09 v1.22 LaTeX kernel commands for general use (HO)
)
\Gread@gobject=\count94
))
\Gin@req@height=\dimen124
\Gin@req@width=\dimen125
)
(/usr/local/texlive/2015/texmf-dist/tex/latex/listings/listings.sty
\lst@mode=\count95
\lst@gtempboxa=\box26
\lst@token=\toks16
\lst@length=\count96
\lst@currlwidth=\dimen126
\lst@column=\count97
\lst@pos=\count98
\lst@lostspace=\dimen127
\lst@width=\dimen128
\lst@newlines=\count99
\lst@lineno=\count100
\lst@maxwidth=\dimen129

(/usr/local/texlive/2015/texmf-dist/tex/latex/listings/lstmisc.sty
File: lstmisc.sty 2014/09/06 1.5e (Carsten Heinz)
\c@lstnumber=\count101
\lst@skipnumbers=\count102
\lst@framebox=\box27
)
(/usr/local/texlive/2015/texmf-dist/tex/latex/listings/listings.cfg
File: listings.cfg 2014/09/06 1.5e listings configuration
))
Package: listings 2014/09/06 1.5e (Carsten Heinz)

(/usr/local/texlive/2015/texmf-dist/tex/latex/mathtools/mathtools.sty
Package: mathtools 2015/05/11 v1.16 mathematical typesetting tools

(/usr/local/texlive/2015/texmf-dist/tex/latex/tools/calc.sty
Package: calc 2014/10/28 v4.3 Infix arithmetic (KKT,FJ)
\calc@Acount=\count103
\calc@Bcount=\count104
\calc@Adimen=\dimen130
\calc@Bdimen=\dimen131
\calc@Askip=\skip43
\calc@Bskip=\skip44
LaTeX Info: Redefining \setlength on input line 80.
LaTeX Info: Redefining \addtolength on input line 81.
\calc@Ccount=\count105
\calc@Cskip=\skip45
)
(/usr/local/texlive/2015/texmf-dist/tex/latex/mathtools/mhsetup.sty
Package: mhsetup 2010/01/21 v1.2a programming setup (MH)
)
(/usr/local/texlive/2015/texmf-dist/tex/latex/amsmath/amsmath.sty
Package: amsmath 2013/01/14 v2.14 AMS math features
\@mathmargin=\skip46

For additional information on amsmath, use the `?' option.
(/usr/local/texlive/2015/texmf-dist/tex/latex/amsmath/amstext.sty
Package: amstext 2000/06/29 v2.01

(/usr/local/texlive/2015/texmf-dist/tex/latex/amsmath/amsgen.sty
File: amsgen.sty 1999/11/30 v2.0
\@emptytoks=\toks17
\ex@=\dimen132
))
(/usr/local/texlive/2015/texmf-dist/tex/latex/amsmath/amsbsy.sty
Package: amsbsy 1999/11/29 v1.2d
\pmbraise@=\dimen133
)
(/usr/local/texlive/2015/texmf-dist/tex/latex/amsmath/amsopn.sty
Package: amsopn 1999/12/14 v2.01 operator names
)
\inf@bad=\count106
LaTeX Info: Redefining \frac on input line 210.
\uproot@=\count107
\leftroot@=\count108
LaTeX Info: Redefining \overline on input line 306.
\classnum@=\count109
\DOTSCASE@=\count110
LaTeX Info: Redefining \ldots on input line 378.
LaTeX Info: Redefining \dots on input line 381.
LaTeX Info: Redefining \cdots on input line 466.
\Mathstrutbox@=\box28
\strutbox@=\box29
\big@size=\dimen134
LaTeX Font Info:    Redeclaring font encoding OML on input line 566.
LaTeX Font Info:    Redeclaring font encoding OMS on input line 567.
\macc@depth=\count111
\c@MaxMatrixCols=\count112
\dotsspace@=\muskip10
\c@parentequation=\count113
\dspbrk@lvl=\count114
\tag@help=\toks18
\row@=\count115
\column@=\count116
\maxfields@=\count117
\andhelp@=\toks19
\eqnshift@=\dimen135
\alignsep@=\dimen136
\tagshift@=\dimen137
\tagwidth@=\dimen138
\totwidth@=\dimen139
\lineht@=\dimen140
\@envbody=\toks20
\multlinegap=\skip47
\multlinetaggap=\skip48
\mathdisplay@stack=\toks21
LaTeX Info: Redefining \[ on input line 2665.
LaTeX Info: Redefining \] on input line 2666.
)
LaTeX Info: Thecontrolsequence`\('isalreadyrobust on input line 129.
LaTeX Info: Thecontrolsequence`\)'isalreadyrobust on input line 129.
LaTeX Info: Thecontrolsequence`\['isalreadyrobust on input line 129.
LaTeX Info: Thecontrolsequence`\]'isalreadyrobust on input line 129.
\g_MT_multlinerow_int=\count118
\l_MT_multwidth_dim=\dimen141
\origjot=\skip49
\l_MT_shortvdotswithinadjustabove_dim=\dimen142
\l_MT_shortvdotswithinadjustbelow_dim=\dimen143
\l_MT_above_intertext_sep=\dimen144
\l_MT_below_intertext_sep=\dimen145
\l_MT_above_shortintertext_sep=\dimen146
\l_MT_below_shortintertext_sep=\dimen147
)
(/usr/local/texlive/2015/texmf-dist/tex/latex/underscore/underscore.sty
Package: underscore 2006/09/13
LaTeX Info: Redefining \_ on input line 42.
)
(./report.aux)
\openout1 = `report.aux'.

LaTeX Font Info:    Checking defaults for OML/cmm/m/it on input line 12.
LaTeX Font Info:    ... okay on input line 12.
LaTeX Font Info:    Checking defaults for T1/cmr/m/n on input line 12.
LaTeX Font Info:    ... okay on input line 12.
LaTeX Font Info:    Checking defaults for OT1/cmr/m/n on input line 12.
LaTeX Font Info:    ... okay on input line 12.
LaTeX Font Info:    Checking defaults for OMS/cmsy/m/n on input line 12.
LaTeX Font Info:    ... okay on input line 12.
LaTeX Font Info:    Checking defaults for OMX/cmex/m/n on input line 12.
LaTeX Font Info:    ... okay on input line 12.
LaTeX Font Info:    Checking defaults for U/cmr/m/n on input line 12.
LaTeX Font Info:    ... okay on input line 12.

*geometry* driver: auto-detecting
*geometry* detected driver: pdftex
*geometry* verbose mode - [ preamble ] result:
* driver: pdftex
* paper: letterpaper
* layout: <same size as paper>
* layoutoffset:(h,v)=(0.0pt,0.0pt)
* modes: 
* h-part:(L,W,R)=(54.2025pt, 505.89pt, 54.2025pt)
* v-part:(T,H,B)=(54.2025pt, 686.56499pt, 54.2025pt)
* \paperwidth=614.295pt
* \paperheight=794.96999pt
* \textwidth=505.89pt
* \textheight=686.56499pt
* \oddsidemargin=-18.06749pt
* \evensidemargin=-18.06749pt
* \topmargin=-55.06749pt
* \headheight=12.0pt
* \headsep=25.0pt
* \topskip=11.0pt
* \footskip=30.0pt
* \marginparwidth=59.0pt
* \marginparsep=10.0pt
* \columnsep=10.0pt
* \skip\footins=10.0pt plus 4.0pt minus 2.0pt
* \hoffset=0.0pt
* \voffset=0.0pt
* \mag=1000
* \@twocolumnfalse
* \@twosidefalse
* \@mparswitchfalse
* \@reversemarginfalse
* (1in=72.27pt=25.4mm, 1cm=28.453pt)

(/usr/local/texlive/2015/texmf-dist/tex/context/base/supp-pdf.mkii
[Loading MPS to PDF converter (version 2006.09.02).]
\scratchcounter=\count119
\scratchdimen=\dimen148
\scratchbox=\box30
\nofMPsegments=\count120
\nofMParguments=\count121
\everyMPshowfont=\toks22
\MPscratchCnt=\count122
\MPscratchDim=\dimen149
\MPnumerator=\count123
\makeMPintoPDFobject=\count124
\everyMPtoPDFconversion=\toks23
) (/usr/local/texlive/2015/texmf-dist/tex/generic/oberdiek/pdftexcmds.sty
Package: pdftexcmds 2011/11/29 v0.20 Utility functions of pdfTeX for LuaTeX (HO
)

(/usr/local/texlive/2015/texmf-dist/tex/generic/oberdiek/ifluatex.sty
Package: ifluatex 2010/03/01 v1.3 Provides the ifluatex switch (HO)
Package ifluatex Info: LuaTeX not detected.
)
Package pdftexcmds Info: LuaTeX not detected.
Package pdftexcmds Info: \pdf@primitive is available.
Package pdftexcmds Info: \pdf@ifprimitive is available.
Package pdftexcmds Info: \pdfdraftmode found.
)
(/usr/local/texlive/2015/texmf-dist/tex/latex/oberdiek/epstopdf-base.sty
Package: epstopdf-base 2010/02/09 v2.5 Base part for package epstopdf

(/usr/local/texlive/2015/texmf-dist/tex/latex/oberdiek/grfext.sty
Package: grfext 2010/08/19 v1.1 Manage graphics extensions (HO)

(/usr/local/texlive/2015/texmf-dist/tex/generic/oberdiek/kvdefinekeys.sty
Package: kvdefinekeys 2011/04/07 v1.3 Define keys (HO)
))
(/usr/local/texlive/2015/texmf-dist/tex/latex/oberdiek/kvoptions.sty
Package: kvoptions 2011/06/30 v3.11 Key value format for package options (HO)

(/usr/local/texlive/2015/texmf-dist/tex/generic/oberdiek/kvsetkeys.sty
Package: kvsetkeys 2012/04/25 v1.16 Key value parser (HO)

(/usr/local/texlive/2015/texmf-dist/tex/generic/oberdiek/etexcmds.sty
Package: etexcmds 2011/02/16 v1.5 Avoid name clashes with e-TeX commands (HO)
Package etexcmds Info: Could not find \expanded.
(etexcmds)             That can mean that you are not using pdfTeX 1.50 or
(etexcmds)             that some package has redefined \expanded.
(etexcmds)             In the latter case, load this package earlier.
)))
Package grfext Info: Graphics extension search list:
(grfext)             [.png,.pdf,.jpg,.mps,.jpeg,.jbig2,.jb2,.PNG,.PDF,.JPG,.JPE
G,.JBIG2,.JB2,.eps]
(grfext)             \AppendGraphicsExtensions on input line 452.

(/usr/local/texlive/2015/texmf-dist/tex/latex/latexconfig/epstopdf-sys.cfg
File: epstopdf-sys.cfg 2010/07/13 v1.3 Configuration of (r)epstopdf for TeX Liv
e
))
\c@lstlisting=\count125

(/usr/local/texlive/2015/texmf-dist/tex/latex/listings/lstlang1.sty
File: lstlang1.sty 2014/09/06 1.5e listings language file
)
LaTeX Font Info:    Try loading font information for OMS+cmr on input line 85.

(/usr/local/texlive/2015/texmf-dist/tex/latex/base/omscmr.fd
File: omscmr.fd 2014/09/29 v2.5h Standard LaTeX font definitions
)
LaTeX Font Info:    Font shape `OMS/cmr/m/n' in size <10> not available
(Font)              Font shape `OMS/cmsy/m/n' tried instead on input line 85.
 [1

{/usr/local/texlive/2015/texmf-var/fonts/map/pdftex/updmap/pdftex.map}] [2]
<charts/one/sequence.png, id=17, 1084.05pt x 361.35pt>
File: charts/one/sequence.png Graphic file (type png)

<use charts/one/sequence.png>
Package pdftex.def Info: charts/one/sequence.png used on input line 154.
(pdftex.def)             Requested size: 483.69684pt x 161.23306pt.

<charts/one/rateTime1.png, id=19, 1084.05pt x 361.35pt>
File: charts/one/rateTime1.png Graphic file (type png)

<use charts/one/rateTime1.png>
Package pdftex.def Info: charts/one/rateTime1.png used on input line 166.
(pdftex.def)             Requested size: 483.69684pt x 161.23306pt.

<charts/one/windowSize1.png, id=20, 1084.05pt x 361.35pt>
File: charts/one/windowSize1.png Graphic file (type png)

<use charts/one/windowSize1.png>
Package pdftex.def Info: charts/one/windowSize1.png used on input line 174.
(pdftex.def)             Requested size: 483.69684pt x 161.23306pt.
 [3 <./charts/one/sequence.png> <./charts/one/rateTime1.png>] <charts/one/queue
Size.png, id=26, 1084.05pt x 361.35pt>
File: charts/one/queueSize.png Graphic file (type png)

<use charts/one/queueSize.png>
Package pdftex.def Info: charts/one/queueSize.png used on input line 182.
(pdftex.def)             Requested size: 483.69684pt x 161.23306pt.

Overfull \hbox (4.11519pt too wide) in paragraph at lines 194--195
[][][][][][][][][][][][][][][][][][][][][][] 
 []


Overfull \hbox (4.11519pt too wide) in paragraph at lines 196--197
[][][][][][][][][][][][][][][][][][][][][][] 
 []

[4 <./charts/one/windowSize1.png> <./charts/one/queueSize.png>]
<charts/two/windowSize1.png, id=32, 1084.05pt x 361.35pt>
File: charts/two/windowSize1.png Graphic file (type png)

<use charts/two/windowSize1.png>
Package pdftex.def Info: charts/two/windowSize1.png used on input line 212.
(pdftex.def)             Requested size: 483.69684pt x 161.23306pt.
File: charts/two/windowSize1.png Graphic file (type png)
 <use charts/two/windowSize1.png>
Package pdftex.def Info: charts/two/windowSize1.png used on input line 220.
(pdftex.def)             Requested size: 483.69684pt x 161.23306pt.

<charts/two/sequence1.png, id=33, 1084.05pt x 361.35pt>
File: charts/two/sequence1.png Graphic file (type png)

<use charts/two/sequence1.png>
Package pdftex.def Info: charts/two/sequence1.png used on input line 228.
(pdftex.def)             Requested size: 483.69684pt x 161.23306pt.

<charts/two/sequence2.png, id=34, 1084.05pt x 361.35pt>
File: charts/two/sequence2.png Graphic file (type png)

<use charts/two/sequence2.png>
Package pdftex.def Info: charts/two/sequence2.png used on input line 232.
(pdftex.def)             Requested size: 483.69684pt x 161.23306pt.
 [5 <./charts/two/windowSize1.png> <./charts/two/sequence1.png>] <charts/two/qu
eueSize.png, id=40, 1084.05pt x 361.35pt>
File: charts/two/queueSize.png Graphic file (type png)

<use charts/two/queueSize.png>
Package pdftex.def Info: charts/two/queueSize.png used on input line 240.
(pdftex.def)             Requested size: 483.69684pt x 161.23306pt.

<charts/two/rateTime.png, id=41, 1084.05pt x 361.35pt>
File: charts/two/rateTime.png Graphic file (type png)

<use charts/two/rateTime.png>
Package pdftex.def Info: charts/two/rateTime.png used on input line 248.
(pdftex.def)             Requested size: 483.69684pt x 161.23306pt.
 [6 <./charts/two/sequence2.png> <./charts/two/queueSize.png> <./charts/two/rat
eTime.png>]
<charts/five/queueSize.png, id=48, 578.16pt x 433.62pt>
File: charts/five/queueSize.png Graphic file (type png)

<use charts/five/queueSize.png>
Package pdftex.def Info: charts/five/queueSize.png used on input line 258.
(pdftex.def)             Requested size: 483.69684pt x 362.76945pt.

<charts/five/rateTime5.png, id=49, 578.16pt x 433.62pt>
File: charts/five/rateTime5.png Graphic file (type png)

<use charts/five/rateTime5.png>
Package pdftex.def Info: charts/five/rateTime5.png used on input line 266.
(pdftex.def)             Requested size: 483.69684pt x 362.76945pt.
 [7 <./charts/five/queueSize.png>]
<charts/advanced/aiad/queueSize.png, id=55, 1084.05pt x 361.35pt>
File: charts/advanced/aiad/queueSize.png Graphic file (type png)

<use charts/advanced/aiad/queueSize.png>
Package pdftex.def Info: charts/advanced/aiad/queueSize.png used on input line 
291.
(pdftex.def)             Requested size: 483.69684pt x 161.23306pt.
 [8 <./charts/five/rateTime5.png>]
<charts/advanced/aiad/rateTime1.png, id=60, 1084.05pt x 361.35pt>
File: charts/advanced/aiad/rateTime1.png Graphic file (type png)

<use charts/advanced/aiad/rateTime1.png>
Package pdftex.def Info: charts/advanced/aiad/rateTime1.png used on input line 
299.
(pdftex.def)             Requested size: 483.69684pt x 161.23306pt.

<charts/advanced/aiad/windowSize1.png, id=61, 1084.05pt x 361.35pt>
File: charts/advanced/aiad/windowSize1.png Graphic file (type png)

<use charts/advanced/aiad/windowSize1.png>
Package pdftex.def Info: charts/advanced/aiad/windowSize1.png used on input lin
e 307.
(pdftex.def)             Requested size: 483.69684pt x 161.23306pt.
 [9 <./charts/advanced/aiad/queueSize.png> <./charts/advanced/aiad/rateTime1.pn
g> <./charts/advanced/aiad/windowSize1.png>] <charts/advanced/aimd/queueSize.pn
g, id=68, 1084.05pt x 361.35pt>
File: charts/advanced/aimd/queueSize.png Graphic file (type png)

<use charts/advanced/aimd/queueSize.png>
Package pdftex.def Info: charts/advanced/aimd/queueSize.png used on input line 
330.
(pdftex.def)             Requested size: 483.69684pt x 161.23306pt.

<charts/advanced/aimd/rateTime1.png, id=69, 1084.05pt x 361.35pt>
File: charts/advanced/aimd/rateTime1.png Graphic file (type png)

<use charts/advanced/aimd/rateTime1.png>
Package pdftex.def Info: charts/advanced/aimd/rateTime1.png used on input line 
338.
(pdftex.def)             Requested size: 483.69684pt x 161.23306pt.

<charts/advanced/aimd/windowSize1.png, id=70, 1084.05pt x 361.35pt>
File: charts/advanced/aimd/windowSize1.png Graphic file (type png)

<use charts/advanced/aimd/windowSize1.png>
Package pdftex.def Info: charts/advanced/aimd/windowSize1.png used on input lin
e 346.
(pdftex.def)             Requested size: 483.69684pt x 161.23306pt.
 [10 <./charts/advanced/aimd/queueSize.png> <./charts/advanced/aimd/rateTime1.p
ng>]
<charts/advanced/competingAimd/rateTime.png, id=76, 1084.05pt x 361.35pt>
File: charts/advanced/competingAimd/rateTime.png Graphic file (type png)

<use charts/advanced/competingAimd/rateTime.png>
Package pdftex.def Info: charts/advanced/competingAimd/rateTime.png used on inp
ut line 358.
(pdftex.def)             Requested size: 483.69684pt x 161.23306pt.

<charts/advanced/competingAimd/windowSize2.png, id=77, 1084.05pt x 361.35pt>
File: charts/advanced/competingAimd/windowSize2.png Graphic file (type png)

<use charts/advanced/competingAimd/windowSize2.png>
Package pdftex.def Info: charts/advanced/competingAimd/windowSize2.png used on 
input line 366.
(pdftex.def)             Requested size: 483.69684pt x 161.23306pt.
 [11 <./charts/advanced/aimd/windowSize1.png> <./charts/advanced/competingAimd/
rateTime.png>]
<charts/advanced/competingAimd/windowSize1.png, id=83, 1084.05pt x 361.35pt>
File: charts/advanced/competingAimd/windowSize1.png Graphic file (type png)

<use charts/advanced/competingAimd/windowSize1.png>
Package pdftex.def Info: charts/advanced/competingAimd/windowSize1.png used on 
input line 374.
(pdftex.def)             Requested size: 483.69684pt x 161.23306pt.
 [12 <./charts/advanced/competingAimd/windowSize2.png> <./charts/advanced/compe
tingAimd/windowSize1.png>]
<charts/advanced/competingRtt/rateTime.png, id=89, 1084.05pt x 361.35pt>
File: charts/advanced/competingRtt/rateTime.png Graphic file (type png)

<use charts/advanced/competingRtt/rateTime.png>
Package pdftex.def Info: charts/advanced/competingRtt/rateTime.png used on inpu
t line 468.
(pdftex.def)             Requested size: 483.69684pt x 161.23306pt.
 [13] [14 <./charts/advanced/competingRtt/rateTime.png>] (./report.aux) ) 
Here is how much of TeX's memory you used:
 4748 strings out of 493089
 70108 string characters out of 6134842
 186706 words of memory out of 5000000
 8160 multiletter control sequences out of 15000+600000
 9491 words of font info for 35 fonts, out of 8000000 for 9000
 1141 hyphenation exceptions out of 8191
 38i,6n,40p,545b,1508s stack positions out of 5000i,500n,10000p,200000b,80000s
</usr/
local/texlive/2015/texmf-dist/fonts/type1/public/amsfonts/cm/cmbx10.pfb></usr/l
ocal/texlive/2015/texmf-dist/fonts/type1/public/amsfonts/cm/cmbx12.pfb></usr/lo
cal/texlive/2015/texmf-dist/fonts/type1/public/amsfonts/cm/cmr10.pfb></usr/loca
l/texlive/2015/texmf-dist/fonts/type1/public/amsfonts/cm/cmr12.pfb></usr/local/
texlive/2015/texmf-dist/fonts/type1/public/amsfonts/cm/cmr17.pfb></usr/local/te
xlive/2015/texmf-dist/fonts/type1/public/amsfonts/cm/cmr6.pfb></usr/local/texli
ve/2015/texmf-dist/fonts/type1/public/amsfonts/cm/cmsy10.pfb></usr/local/texliv
e/2015/texmf-dist/fonts/type1/public/amsfonts/cm/cmtt10.pfb>
Output written on report.pdf (14 pages, 1175084 bytes).
PDF statistics:
 125 PDF objects out of 1000 (max. 8388607)
 58 compressed objects within 1 object stream
 0 named destinations out of 1000 (max. 500000)
 106 words of extra memory for PDF output out of 10000 (max. 10000000)

